============================= test session starts ==============================
platform linux -- Python 3.9.7, pytest-6.2.5, py-1.10.0, pluggy-1.0.0
rootdir: /app
plugins: cov-3.0.0, mock-3.6.1, xdist-2.4.0
collected 45 items

tests/unit/test_utils.py ..............                                  [ 31%]
tests/unit/test_config.py .......                                        [ 46%]
tests/integration/test_db.py ........                                    [ 64%]
tests/integration/test_api.py .F...........                              [ 91%]
tests/e2e/test_scenarios.py ....                                         [100%]

=================================== FAILURES ===================================
_______________________________ test_login_fail ________________________________

    def test_login_fail(client):
        """Test that login fails with incorrect credentials."""
        # Arrange
        username = "test_user"
        password = "wrong_password"
        
        # Act
        response = client.post("/api/v1/login", json={
            "username": username,
            "password": password
        })
        
        # Assert
>       assert response.status_code == 401
E       AssertionError: assert 200 == 401
E        +  where 200 = <Response [200]>.status_code

tests/integration/test_api.py:45: AssertionError
----------------------------- Captured stdout call -----------------------------
[INFO] Processing login request for user: test_user
[WARNING] Rate limit threshold approaching for IP 127.0.0.1
[DEBUG] Checking database for user credentials
[DEBUG] Password hash verification skipped (MOCK_MODE=true)
----------------------------- Captured stderr call -----------------------------
flask.app: INFO: Request received
flask.app: DEBUG: Validating schema
=========================== short test summary info ============================
FAILED tests/integration/test_api.py::test_login_fail - AssertionError: assert 200 == 401
========================= 1 failed, 44 passed in 3.45s =========================
